<?xml version="1.0" encoding="UTF-8"?>
<!-- Generated by org.testng.reporters.JUnitReportReporter -->
<testsuite hostname="DESKTOP-UH1OK2S" failures="0" tests="1" name="Test_Cases.TC001_productSearch" time="11.187" errors="0" timestamp="2025-02-01T18:50:26 IST" skipped="0">
  <testcase classname="Test_Cases.TC001_productSearch" name="TC001_productSearch_Test" time="11.187"/>
  <system-out/>
</testsuite> <!-- Test_Cases.TC001_productSearch -->
