<?xml version="1.0" encoding="UTF-8"?>
<!-- Generated by org.testng.reporters.JUnitReportReporter -->
<testsuite hostname="DESKTOP-UH1OK2S" failures="0" tests="1" name="TestCase_PageObject.BaseTestClass" time="4.633" errors="0" timestamp="2025-02-01T17:01:14 IST" skipped="0">
  <testcase classname="TestCase_PageObject.BaseTestClass" name="LaunchUrl" time="4.633"/>
  <system-out/>
</testsuite> <!-- TestCase_PageObject.BaseTestClass -->
