<?xml version="1.0" encoding="UTF-8"?>
<!-- Generated by org.testng.reporters.JUnitReportReporter -->
<testsuite hostname="DESKTOP-UH1OK2S" failures="0" tests="1" name="Test_Cases.TC001_productSearch" time="18.317" errors="0" timestamp="2025-02-02T00:24:04 IST" skipped="0">
  <testcase classname="Test_Cases.TC001_productSearch" name="TC001_productSearch_Test" time="18.317"/>
  <system-out/>
</testsuite> <!-- Test_Cases.TC001_productSearch -->
