<?xml version="1.0" encoding="UTF-8"?>
<!-- Generated by org.testng.reporters.JUnitReportReporter -->
<testsuite hostname="DESKTOP-UH1OK2S" failures="0" tests="1" name="Test_Cases.TC002_productPage" time="0.455" errors="0" timestamp="2025-02-02T00:24:04 IST" skipped="0">
  <testcase classname="Test_Cases.TC002_productPage" name="TC002_productPage_Test" time="0.455"/>
  <system-out/>
</testsuite> <!-- Test_Cases.TC002_productPage -->
